[debug] [2026-05-12T04:47:13.599Z] ----------------------------------------------------------------------
[debug] [2026-05-12T04:47:13.603Z] Command:       C:\Program Files\nodejs\node.exe C:\Users\azwar\AppData\Roaming\npm\node_modules\firebase-tools\lib\bin\firebase.js init
[debug] [2026-05-12T04:47:13.603Z] CLI Version:   15.17.0
[debug] [2026-05-12T04:47:13.604Z] Platform:      win32
[debug] [2026-05-12T04:47:13.604Z] Node Version:  v24.15.0
[debug] [2026-05-12T04:47:13.604Z] Time:          Tue May 12 2026 12:47:13 GMT+0800 (Singapore Standard Time)
[debug] [2026-05-12T04:47:13.604Z] ----------------------------------------------------------------------
[debug] 
[debug] [2026-05-12T04:47:13.606Z] >>> [apiv2][query] GET https://firebase-public.firebaseio.com/cli.json [none]
[info] 
     ######## #### ########  ######## ########     ###     ######  ########
     ##        ##  ##     ## ##       ##     ##  ##   ##  ##       ##
     ######    ##  ########  ######   ########  #########  ######  ######
     ##        ##  ##    ##  ##       ##     ## ##     ##       ## ##
     ##       #### ##     ## ######## ########  ##     ##  ######  ########

You're about to initialize a Firebase project in this directory:

  C:\Users\azwar\my-portfolio

[debug] [2026-05-12T04:47:15.866Z] <<< [apiv2][status] GET https://firebase-public.firebaseio.com/cli.json 200
[debug] [2026-05-12T04:47:15.867Z] <<< [apiv2][body] GET https://firebase-public.firebaseio.com/cli.json {"cloudBuildErrorAfter":1594252800000,"cloudBuildWarnAfter":1590019200000,"defaultNode10After":1594252800000,"minVersion":"3.0.5","node8DeploysDisabledAfter":1613390400000,"node8RuntimeDisabledAfter":1615809600000,"node8WarnAfter":1600128000000}
[info] 
=== Project Setup
[info] 
[info] First, let's associate this project directory with a Firebase project.
[info] You can create multiple project aliases by running firebase use --add, 
[info] 
[debug] [2026-05-12T04:48:53.601Z] > command requires scopes: ["email","openid","https://www.googleapis.com/auth/cloudplatformprojects.readonly","https://www.googleapis.com/auth/firebase","https://www.googleapis.com/auth/cloud-platform"]
[debug] [2026-05-12T04:48:53.601Z] > authorizing via signed-in user (azwarfadzlin1@gmail.com)
[debug] [2026-05-12T04:48:53.602Z] Checked if tokens are valid: false, expires at: 1776826648063
[debug] [2026-05-12T04:48:53.602Z] Checked if tokens are valid: false, expires at: 1776826648063
[debug] [2026-05-12T04:48:53.602Z] > refreshing access token with scopes: []
[debug] [2026-05-12T04:48:53.603Z] >>> [apiv2][query] POST https://www.googleapis.com/oauth2/v3/token [none]
[debug] [2026-05-12T04:48:53.603Z] >>> [apiv2][body] POST https://www.googleapis.com/oauth2/v3/token [omitted]
[debug] [2026-05-12T04:48:53.691Z] <<< [apiv2][status] POST https://www.googleapis.com/oauth2/v3/token 200
[debug] [2026-05-12T04:48:53.691Z] <<< [apiv2][body] POST https://www.googleapis.com/oauth2/v3/token [omitted]
[debug] [2026-05-12T04:48:53.701Z] >>> [apiv2][query] GET https://firebase.googleapis.com/v1beta1/projects pageSize=100
[debug] [2026-05-12T04:48:54.348Z] <<< [apiv2][status] GET https://firebase.googleapis.com/v1beta1/projects 200
[debug] [2026-05-12T04:48:54.348Z] <<< [apiv2][body] GET https://firebase.googleapis.com/v1beta1/projects [omitted]
[info] 
=== Hosting Setup
[info] 
[debug] [2026-05-12T04:52:39.775Z] Checked if tokens are valid: true, expires at: 1778564932691
[debug] [2026-05-12T04:52:39.775Z] Checked if tokens are valid: true, expires at: 1778564932691
[debug] [2026-05-12T04:52:39.775Z] >>> [apiv2][query] GET https://firebase.googleapis.com/v1beta1/projects/my-portfolio-9a5b2 [none]
[debug] [2026-05-12T04:52:40.145Z] <<< [apiv2][status] GET https://firebase.googleapis.com/v1beta1/projects/my-portfolio-9a5b2 200
[debug] [2026-05-12T04:52:40.145Z] <<< [apiv2][body] GET https://firebase.googleapis.com/v1beta1/projects/my-portfolio-9a5b2 {"projectId":"my-portfolio-9a5b2","projectNumber":"1066666073085","displayName":"my-portfolio","name":"projects/my-portfolio-9a5b2","resources":{"hostingSite":"my-portfolio-9a5b2"},"state":"ACTIVE","etag":"1_419586d5-a46d-4eeb-ae6d-7b87f9ac3ea1"}
[info] 
[info] Your public directory is the folder (relative to your project directory) that
[info] will contain Hosting assets to be uploaded with firebase deploy. If you
[info] have a build process for your assets, use your build's output directory.
[info] 
[debug] [2026-05-12T04:53:03.260Z] ExitPromptError: User force closed the prompt with SIGINT
    at Interface.sigint (C:\Users\azwar\AppData\Roaming\npm\node_modules\firebase-tools\node_modules\@inquirer\core\dist\commonjs\lib\create-prompt.js:101:37)
    at Interface.emit (node:events:509:28)
    at [_ttyWrite] [as _ttyWrite] (node:internal/readline/interface:1327:18)
    at ReadStream.onkeypress (node:internal/readline/interface:284:20)
    at ReadStream.emit (node:events:521:24)
    at emitKeys (node:internal/readline/utils:371:14)
    at emitKeys.next (<anonymous>)
    at ReadStream.onData (node:internal/readline/emitKeypressEvents:64:36)
    at ReadStream.emit (node:events:509:28)
    at addChunk (node:internal/streams/readable:563:12)
[error] 
[error] Error: An unexpected error has occurred.
